<?xml version="1.0" encoding="UTF-8"?>
<testng-results ignored="0" total="1" passed="1" failed="0" skipped="0">
  <reporter-output>
  </reporter-output>
  <suite started-at="2024-05-25T22:33:06 IDT" name="Default suite" finished-at="2024-05-25T22:33:28 IDT" duration-ms="22444">
    <groups>
    </groups>
    <test started-at="2024-05-25T22:33:06 IDT" name="Default test" finished-at="2024-05-25T22:33:28 IDT" duration-ms="22444">
      <class name="tests.basic.PageObjectCode">
        <test-method is-config="true" signature="init()[pri:0, instance:tests.basic.PageObjectCode@7d322cad]" started-at="2024-05-25T22:33:06 IDT" name="init" finished-at="2024-05-25T22:33:19 IDT" duration-ms="13070" status="PASS">
          <reporter-output>
          </reporter-output>
        </test-method> <!-- init -->
        <test-method signature="test()[pri:0, instance:tests.basic.PageObjectCode@7d322cad]" started-at="2024-05-25T22:33:19 IDT" name="test" finished-at="2024-05-25T22:33:28 IDT" duration-ms="8837" status="PASS">
          <reporter-output>
          </reporter-output>
        </test-method> <!-- test -->
        <test-method is-config="true" signature="tearDown()[pri:0, instance:tests.basic.PageObjectCode@7d322cad]" started-at="2024-05-25T22:33:28 IDT" name="tearDown" finished-at="2024-05-25T22:33:28 IDT" duration-ms="496" status="PASS">
          <reporter-output>
          </reporter-output>
        </test-method> <!-- tearDown -->
      </class> <!-- tests.basic.PageObjectCode -->
    </test> <!-- Default test -->
  </suite> <!-- Default suite -->
</testng-results>
